<?xml version="1.0" encoding="UTF-8"?>
<!-- Generated by org.testng.reporters.JUnitXMLReporter -->
<testsuite ignored="0" hostname="DESKTOP-89KQ6QM" failures="0" tests="7" name="Surefire test" time="27.916" errors="0" timestamp="2025-03-14T18:02:10 AEDT">
  <testcase classname="mainTest" name="test_case_1" time="1.217"/>
  <testcase classname="mainTest" name="test_case_2" time="10.966"/>
  <testcase classname="mainTest" name="test_case_2" time="2.193"/>
  <testcase classname="mainTest" name="test_case_2" time="3.398"/>
  <testcase classname="mainTest" name="test_case_2" time="2.636"/>
  <testcase classname="mainTest" name="test_case_2" time="2.704"/>
  <testcase classname="mainTest" name="test_case_3" time="2.397"/>
</testsuite> <!-- Surefire test -->
