<?xml version="1.0" encoding="UTF-8"?>
<!-- Generated by org.testng.reporters.JUnitXMLReporter -->
<testsuite ignored="0" hostname="DESKTOP-89KQ6QM" failures="4" tests="7" name="Surefire test" time="17.106" errors="0" timestamp="2025-03-15T08:42:23 AEDT">
  <testcase classname="mainTest" name="test_case_1" time="1.164"/>
  <testcase classname="mainTest" name="test_case_2" time="2.415">
    <failure type="java.lang.AssertionError" message="Submission stuck, failing test">
      <![CDATA[java.lang.AssertionError: Submission stuck, failing test
at page.contact.checkSubmissionStatus(contact.java:127)
at mainTest.test_case_2(mainTest.java:73)
at java.base/java.util.ArrayList.forEach(ArrayList.java:1596)
... Removed 31 stack frames]]>
    </failure>
  </testcase> <!-- test_case_2 -->
  <testcase classname="mainTest" name="test_case_2" time="2.485">
    <failure type="java.lang.AssertionError" message="Submission stuck, failing test">
      <![CDATA[java.lang.AssertionError: Submission stuck, failing test
at page.contact.checkSubmissionStatus(contact.java:127)
at mainTest.test_case_2(mainTest.java:73)
at java.base/java.util.ArrayList.forEach(ArrayList.java:1596)
... Removed 31 stack frames]]>
    </failure>
  </testcase> <!-- test_case_2 -->
  <testcase classname="mainTest" name="test_case_2" time="2.441">
    <failure type="java.lang.AssertionError" message="Submission stuck, failing test">
      <![CDATA[java.lang.AssertionError: Submission stuck, failing test
at page.contact.checkSubmissionStatus(contact.java:127)
at mainTest.test_case_2(mainTest.java:73)
at java.base/java.util.ArrayList.forEach(ArrayList.java:1596)
... Removed 31 stack frames]]>
    </failure>
  </testcase> <!-- test_case_2 -->
  <testcase classname="mainTest" name="test_case_2" time="2.547">
    <failure type="java.lang.AssertionError" message="Submission stuck, failing test">
      <![CDATA[java.lang.AssertionError: Submission stuck, failing test
at page.contact.checkSubmissionStatus(contact.java:127)
at mainTest.test_case_2(mainTest.java:73)
at java.base/java.util.ArrayList.forEach(ArrayList.java:1596)
... Removed 31 stack frames]]>
    </failure>
  </testcase> <!-- test_case_2 -->
  <testcase classname="mainTest" name="test_case_2" time="1.679"/>
  <testcase classname="mainTest" name="test_case_3" time="2.212"/>
</testsuite> <!-- Surefire test -->
